# JRE version: OpenJDK Runtime Environment Microsoft-11369940 (21.0.7+6) (build 21.0.7+6-LTS)
# Java VM: OpenJDK 64-Bit Server VM Microsoft-11369940 (21.0.7+6-LTS, mixed mode, emulated-client, sharing, tiered, compressed oops, compressed class ptrs, g1 gc, windows-amd64)
GC Precious Log:
 CardTable entry size: 512
 Card Set container configuration: InlinePtr #cards 5 size 8 Array Of Cards #cards 12 size 40 Howl #buckets 4 coarsen threshold 1843 Howl Bitmap #cards 512 size 80 coarsen threshold 460 Card regions per heap region 1 cards per card region 2048
 CPUs: 8 total, 8 available
 Memory: 8127M
 Large Page Support: Disabled
 NUMA Support: Disabled
 Compressed Oops: Enabled (32-bit)
 Heap Region Size: 1M
 Heap Min Capacity: 8M
 Heap Initial Capacity: 128M
 Heap Max Capacity: 2032M
 Pre-touch: Disabled
 Parallel Workers: 8
 Concurrent Workers: 2
 Concurrent Refinement Workers: 8
 Periodic GC: Disabled
Heap:
 garbage-first heap   total 107520K, used 89354K [0x0000000081000000, 0x0000000100000000)
  region size 1024K, 35 young (35840K), 5 survivors (5120K)
 Metaspace       used 89709K, committed 90496K, reserved 1179648K
  class space    used 12177K, committed 12544K, reserved 1048576K
GC Heap History (20 events):
Event: 17.881 GC heap before
{Heap before GC invocations=9 (full 0):
 garbage-first heap   total 107520K, used 90018K [0x0000000081000000, 0x0000000100000000)
  region size 1024K, 56 young (57344K), 1 survivors (1024K)
 Metaspace       used 44216K, committed 44736K, reserved 1114112K
  class space    used 5845K, committed 6080K, reserved 1048576K
}
Event: 17.898 GC heap after
{Heap after GC invocations=10 (full 0):
 garbage-first heap   total 107520K, used 39435K [0x0000000081000000, 0x0000000100000000)
  region size 1024K, 6 young (6144K), 6 survivors (6144K)
 Metaspace       used 44216K, committed 44736K, reserved 1114112K
  class space    used 5845K, committed 6080K, reserved 1048576K
}
Event: 20.509 GC heap before
{Heap before GC invocations=10 (full 0):
 garbage-first heap   total 107520K, used 90635K [0x0000000081000000, 0x0000000100000000)
  region size 1024K, 56 young (57344K), 6 survivors (6144K)
 Metaspace       used 48021K, committed 48576K, reserved 1114112K
  class space    used 6359K, committed 6592K, reserved 1048576K
}
Event: 20.535 GC heap after
{Heap after GC invocations=11 (full 0):
 garbage-first heap   total 107520K, used 43148K [0x0000000081000000, 0x0000000100000000)
  region size 1024K, 5 young (5120K), 5 survivors (5120K)
 Metaspace       used 48021K, committed 48576K, reserved 1114112K
  class space    used 6359K, committed 6592K, reserved 1048576K
}
Event: 24.184 GC heap before
{Heap before GC invocations=11 (full 0):
 garbage-first heap   total 107520K, used 91276K [0x0000000081000000, 0x0000000100000000)
  region size 1024K, 52 young (53248K), 5 survivors (5120K)
 Metaspace       used 52100K, committed 52608K, reserved 1114112K
  class space    used 7033K, committed 7232K, reserved 1048576K
}
Event: 24.217 GC heap after
{Heap after GC invocations=12 (full 0):
 garbage-first heap   total 107520K, used 46500K [0x0000000081000000, 0x0000000100000000)
  region size 1024K, 3 young (3072K), 3 survivors (3072K)
 Metaspace       used 52100K, committed 52608K, reserved 1114112K
  class space    used 7033K, committed 7232K, reserved 1048576K
}
Event: 26.693 GC heap before
{Heap before GC invocations=12 (full 0):
 garbage-first heap   total 107520K, used 93604K [0x0000000081000000, 0x0000000100000000)
  region size 1024K, 49 young (50176K), 3 survivors (3072K)
 Metaspace       used 55627K, committed 56256K, reserved 1114112K
  class space    used 7496K, committed 7808K, reserved 1048576K
}
Event: 26.702 GC heap after
{Heap after GC invocations=13 (full 0):
 garbage-first heap   total 107520K, used 48548K [0x0000000081000000, 0x0000000100000000)
  region size 1024K, 5 young (5120K), 5 survivors (5120K)
 Metaspace       used 55627K, committed 56256K, reserved 1114112K
  class space    used 7496K, committed 7808K, reserved 1048576K
}
Event: 27.957 GC heap before
{Heap before GC invocations=13 (full 0):
 garbage-first heap   total 107520K, used 74148K [0x0000000081000000, 0x0000000100000000)
  region size 1024K, 31 young (31744K), 5 survivors (5120K)
 Metaspace       used 59473K, committed 60096K, reserved 1114112K
  class space    used 8026K, committed 8320K, reserved 1048576K
}
Event: 27.974 GC heap after
{Heap after GC invocations=14 (full 0):
 garbage-first heap   total 107520K, used 50829K [0x0000000081000000, 0x0000000100000000)
  region size 1024K, 5 young (5120K), 5 survivors (5120K)
 Metaspace       used 59473K, committed 60096K, reserved 1114112K
  class space    used 8026K, committed 8320K, reserved 1048576K
}
Event: 31.086 GC heap before
{Heap before GC invocations=15 (full 0):
 garbage-first heap   total 107520K, used 94861K [0x0000000081000000, 0x0000000100000000)
  region size 1024K, 48 young (49152K), 5 survivors (5120K)
 Metaspace       used 62019K, committed 62656K, reserved 1114112K
  class space    used 8377K, committed 8640K, reserved 1048576K
}
Event: 31.104 GC heap after
{Heap after GC invocations=16 (full 0):
 garbage-first heap   total 107520K, used 53502K [0x0000000081000000, 0x0000000100000000)
  region size 1024K, 5 young (5120K), 5 survivors (5120K)
 Metaspace       used 62019K, committed 62656K, reserved 1114112K
  class space    used 8377K, committed 8640K, reserved 1048576K
}
Event: 32.129 GC heap before
{Heap before GC invocations=16 (full 0):
 garbage-first heap   total 107520K, used 95486K [0x0000000081000000, 0x0000000100000000)
  region size 1024K, 46 young (47104K), 5 survivors (5120K)
 Metaspace       used 63611K, committed 64320K, reserved 1114112K
  class space    used 8627K, committed 8960K, reserved 1048576K
}
Event: 32.138 GC heap after
{Heap after GC invocations=17 (full 0):
 garbage-first heap   total 107520K, used 54691K [0x0000000081000000, 0x0000000100000000)
  region size 1024K, 5 young (5120K), 5 survivors (5120K)
 Metaspace       used 63611K, committed 64320K, reserved 1114112K
  class space    used 8627K, committed 8960K, reserved 1048576K
}
Event: 33.869 GC heap before
{Heap before GC invocations=17 (full 0):
 garbage-first heap   total 107520K, used 95651K [0x0000000081000000, 0x0000000100000000)
  region size 1024K, 45 young (46080K), 5 survivors (5120K)
 Metaspace       used 67992K, committed 68736K, reserved 1114112K
  class space    used 9035K, committed 9344K, reserved 1048576K
}
Event: 33.878 GC heap after
{Heap after GC invocations=18 (full 0):
 garbage-first heap   total 107520K, used 56526K [0x0000000081000000, 0x0000000100000000)
  region size 1024K, 5 young (5120K), 5 survivors (5120K)
 Metaspace       used 67992K, committed 68736K, reserved 1114112K
  class space    used 9035K, committed 9344K, reserved 1048576K
}
Event: 37.617 GC heap before
{Heap before GC invocations=19 (full 0):
 garbage-first heap   total 107520K, used 95438K [0x0000000081000000, 0x0000000100000000)
  region size 1024K, 43 young (44032K), 5 survivors (5120K)
 Metaspace       used 73667K, committed 74368K, reserved 1114112K
  class space    used 9899K, committed 10176K, reserved 1048576K
}
Event: 37.622 GC heap after
{Heap after GC invocations=20 (full 0):
 garbage-first heap   total 107520K, used 58123K [0x0000000081000000, 0x0000000100000000)
  region size 1024K, 4 young (4096K), 4 survivors (4096K)
 Metaspace       used 73667K, committed 74368K, reserved 1114112K
  class space    used 9899K, committed 10176K, reserved 1048576K
}
Event: 39.903 GC heap before
{Heap before GC invocations=20 (full 0):
 garbage-first heap   total 107520K, used 97035K [0x0000000081000000, 0x0000000100000000)
  region size 1024K, 42 young (43008K), 4 survivors (4096K)
 Metaspace       used 82375K, committed 83136K, reserved 1179648K
  class space    used 11058K, committed 11392K, reserved 1048576K
}
Event: 39.912 GC heap after
{Heap after GC invocations=21 (full 0):
 garbage-first heap   total 107520K, used 60682K [0x0000000081000000, 0x0000000100000000)
  region size 1024K, 5 young (5120K), 5 survivors (5120K)
 Metaspace       used 82375K, committed 83136K, reserved 1179648K
  class space    used 11058K, committed 11392K, reserved 1048576K
}

